<?xml version="1.0" encoding="UTF-8" ?>
<testsuite tests="1" failures="0" name="com.xsl.AppTest" time="1.008" errors="0" skipped="0">
  <properties>
    <property name="idea.version" value="2018.1.4"/>
    <property name="java.runtime.name" value="OpenJDK Runtime Environment"/>
    <property name="sun.boot.library.path" value="E:\电脑安装软件1\idea\IntelliJ IDEA 2018.1.4\jre64\bin"/>
    <property name="java.vm.version" value="25.152-b39"/>
    <property name="java.vm.vendor" value="JetBrains s.r.o"/>
    <property name="maven.multiModuleProjectDirectory" value="E:\ID-workspeace\xsi_service_parent"/>
    <property name="java.vendor.url" value="https://www.jetbrains.com/"/>
    <property name="path.separator" value=";"/>
    <property name="guice.disable.misplaced.annotation.check" value="true"/>
    <property name="java.vm.name" value="OpenJDK 64-Bit Server VM"/>
    <property name="file.encoding.pkg" value="sun.io"/>
    <property name="user.script" value=""/>
    <property name="user.country" value="CN"/>
    <property name="sun.java.launcher" value="SUN_STANDARD"/>
    <property name="sun.os.patch.level" value=""/>
    <property name="java.vm.specification.name" value="Java Virtual Machine Specification"/>
    <property name="user.dir" value="E:\ID-workspeace\xsi_service_parent"/>
    <property name="java.runtime.version" value="1.8.0_152-release-1136-b39"/>
    <property name="java.awt.graphicsenv" value="sun.awt.Win32GraphicsEnvironment"/>
    <property name="java.endorsed.dirs" value="E:\电脑安装软件1\idea\IntelliJ IDEA 2018.1.4\jre64\lib\endorsed"/>
    <property name="os.arch" value="amd64"/>
    <property name="java.io.tmpdir" value="C:\Users\ASUS\AppData\Local\Temp\"/>
    <property name="line.separator" value="
"/>
    <property name="java.vm.specification.vendor" value="Oracle Corporation"/>
    <property name="user.variant" value=""/>
    <property name="os.name" value="Windows 10"/>
    <property name="classworlds.conf" value="E:\Maven\apache-maven-3.3.9\bin\m2.conf"/>
    <property name="sun.jnu.encoding" value="GBK"/>
    <property name="java.library.path" value="E:\电脑安装软件1\idea\IntelliJ IDEA 2018.1.4\jre64\bin;C:\WINDOWS\Sun\Java\bin;C:\WINDOWS\system32;C:\WINDOWS;C:\WINDOWS\system32;C:\WINDOWS;C:\WINDOWS\System32\Wbem;C:\WINDOWS\System32\WindowsPowerShell\v1.0\;E:\Java jdk\bin;E:\Java jdk\jre\bin;E:\Tomact_Install\apache-tomcat-8.0.52\lib;E:\Tomact_Install\apache-tomcat-8.0.52\bin;C:\WINDOWS\System32\OpenSSH\;C:\Users\ASUS\AppData\Local\Programs\Python\Python37;E:\Git_Install\Git\cmd;E:\apache-maven-3.5.4\bin;E:\Apanpanda;E:\Apanpanda\Library\mingw-w64\bin;E:\Apanpanda\Library\usr\bin;E:\Apanpanda\Library\bin;E:\Apanpanda\Scripts;C:\Users\ASUS\AppData\Local\Microsoft\WindowsApps;C:\Users\ASUS\AppData\Local\atom\bin;E:\网络攻防\Nmap;E:\;SCode\Microsoft VS Code\bin;E:\DockerTools\Docker Toolbox;."/>
    <property name="java.specification.name" value="Java Platform API Specification"/>
    <property name="java.class.version" value="52.0"/>
    <property name="sun.management.compiler" value="HotSpot 64-Bit Tiered Compilers"/>
    <property name="os.version" value="10.0"/>
    <property name="user.home" value="C:\Users\ASUS"/>
    <property name="user.timezone" value="Asia/Shanghai"/>
    <property name="java.awt.printerjob" value="sun.awt.windows.WPrinterJob"/>
    <property name="java.specification.version" value="1.8"/>
    <property name="file.encoding" value="UTF-8"/>
    <property name="user.name" value="ASUS"/>
    <property name="java.class.path" value="E:\Maven\apache-maven-3.3.9\boot\plexus-classworlds-2.5.2.jar;E:\电脑安装软件1\idea\IntelliJ IDEA 2018.1.4\lib\idea_rt.jar"/>
    <property name="java.vm.specification.version" value="1.8"/>
    <property name="sun.arch.data.model" value="64"/>
    <property name="java.home" value="E:\电脑安装软件1\idea\IntelliJ IDEA 2018.1.4\jre64"/>
    <property name="sun.java.command" value="org.codehaus.classworlds.Launcher -Didea.version=2018.1.4 -s E:\Maven\apache-maven-3.3.9\conf\settings.xml install -f pom.xml"/>
    <property name="java.specification.vendor" value="Oracle Corporation"/>
    <property name="user.language" value="zh"/>
    <property name="awt.toolkit" value="sun.awt.windows.WToolkit"/>
    <property name="java.vm.info" value="mixed mode"/>
    <property name="java.version" value="1.8.0_152-release"/>
    <property name="java.ext.dirs" value="E:\电脑安装软件1\idea\IntelliJ IDEA 2018.1.4\jre64\lib\ext;C:\WINDOWS\Sun\Java\lib\ext"/>
    <property name="sun.boot.class.path" value="E:\电脑安装软件1\idea\IntelliJ IDEA 2018.1.4\jre64\lib\resources.jar;E:\电脑安装软件1\idea\IntelliJ IDEA 2018.1.4\jre64\lib\rt.jar;E:\电脑安装软件1\idea\IntelliJ IDEA 2018.1.4\jre64\lib\sunrsasign.jar;E:\电脑安装软件1\idea\IntelliJ IDEA 2018.1.4\jre64\lib\jsse.jar;E:\电脑安装软件1\idea\IntelliJ IDEA 2018.1.4\jre64\lib\jce.jar;E:\电脑安装软件1\idea\IntelliJ IDEA 2018.1.4\jre64\lib\charsets.jar;E:\电脑安装软件1\idea\IntelliJ IDEA 2018.1.4\jre64\lib\jfr.jar;E:\电脑安装软件1\idea\IntelliJ IDEA 2018.1.4\jre64\classes"/>
    <property name="java.vendor" value="JetBrains s.r.o"/>
    <property name="maven.home" value="E:\Maven\apache-maven-3.3.9"/>
    <property name="file.separator" value="\"/>
    <property name="java.vendor.url.bug" value="https://youtrack.jetbrains.com"/>
    <property name="sun.cpu.endian" value="little"/>
    <property name="sun.io.unicode.encoding" value="UnicodeLittle"/>
    <property name="sun.desktop" value="windows"/>
    <property name="sun.cpu.isalist" value="amd64"/>
  </properties>
  <testcase classname="com.xsl.AppTest" name="shouldAnswerWithTrue" time="1.008"/>
</testsuite>